<?xml version="1.0" encoding="utf-8"?><testsuites name="pytest tests"><testsuite name="pytest" errors="0" failures="0" skipped="0" tests="29" time="6.992" timestamp="2026-07-12T04:38:33.025515+00:00" hostname="agent-env-e0f0b428-b6c2-4931-9c46-620415a52402"><testcase classname="tests.test_ethree_api.TestAuth" name="test_login_admin" time="0.425" /><testcase classname="tests.test_ethree_api.TestAuth" name="test_login_manager" time="0.344" /><testcase classname="tests.test_ethree_api.TestAuth" name="test_login_store" time="0.346" /><testcase classname="tests.test_ethree_api.TestAuth" name="test_login_invalid" time="0.320" /><testcase classname="tests.test_ethree_api.TestAuth" name="test_me_with_token" time="0.417" /><testcase classname="tests.test_ethree_api.TestAuth" name="test_me_no_token" time="0.101" /><testcase classname="tests.test_ethree_api.TestSeeded" name="test_products_seeded" time="0.138" /><testcase classname="tests.test_ethree_api.TestSeeded" name="test_machines_seeded" time="0.147" /><testcase classname="tests.test_ethree_api.TestSeeded" name="test_expense_categories" time="0.092" /><testcase classname="tests.test_ethree_api.TestSeeded" name="test_dashboard_shape" time="0.100" /><testcase classname="tests.test_ethree_api.TestFlow" name="test_create_customer" time="0.354" /><testcase classname="tests.test_ethree_api.TestFlow" name="test_create_batch" time="0.443" /><testcase classname="tests.test_ethree_api.TestFlow" name="test_batch_validation_raw_weight" time="0.282" /><testcase classname="tests.test_ethree_api.TestFlow" name="test_batch_validation_advance_exceeds" time="0.292" /><testcase classname="tests.test_ethree_api.TestFlow" name="test_status_flow_loaded" time="0.192" /><testcase classname="tests.test_ethree_api.TestFlow" name="test_status_flow_drying_completed" time="0.193" /><testcase classname="tests.test_ethree_api.TestFlow" name="test_delivery" time="0.288" /><testcase classname="tests.test_ethree_api.TestFlow" name="test_add_payment" time="0.182" /><testcase classname="tests.test_ethree_api.TestFlow" name="test_list_payments" time="0.097" /><testcase classname="tests.test_ethree_api.TestExpense" name="test_create_expense" time="0.203" /><testcase classname="tests.test_ethree_api.TestExpense" name="test_maintenance" time="0.321" /><testcase classname="tests.test_ethree_api.TestReports" name="test_reports_summary" time="0.094" /><testcase classname="tests.test_ethree_api.TestReports" name="test_search" time="0.098" /><testcase classname="tests.test_ethree_api.TestRBAC" name="test_audit_admin" time="0.088" /><testcase classname="tests.test_ethree_api.TestRBAC" name="test_audit_manager" time="0.414" /><testcase classname="tests.test_ethree_api.TestRBAC" name="test_audit_store_forbidden" time="0.415" /><testcase classname="tests.test_ethree_api.TestRBAC" name="test_create_user_admin" time="0.316" /><testcase classname="tests.test_ethree_api.TestRBAC" name="test_create_user_manager_forbidden" time="0.093" /><testcase classname="tests.test_ethree_api.TestRBAC" name="test_create_user_store_forbidden" time="0.109" /></testsuite></testsuites>