<?xml version="1.0" encoding="utf-8"?><testsuites name="pytest tests"><testsuite name="pytest" errors="0" failures="1" skipped="0" tests="24" time="7.292" timestamp="2026-07-12T05:59:51.797846+00:00" hostname="agent-env-e0f0b428-b6c2-4931-9c46-620415a52402"><testcase classname="backend.tests.test_ethree_iter2.TestSeededLogins" name="test_admin_login" time="0.487" /><testcase classname="backend.tests.test_ethree_iter2.TestSeededLogins" name="test_manager_login" time="0.322" /><testcase classname="backend.tests.test_ethree_iter2.TestSeededLogins" name="test_store_login" time="0.312" /><testcase classname="backend.tests.test_ethree_iter2.TestDashboardProcessing" name="test_dashboard_processing_fields" time="0.445" /><testcase classname="backend.tests.test_ethree_iter2.TestDashboardProcessing" name="test_dashboard_arrivals" time="0.104" /><testcase classname="backend.tests.test_ethree_iter2.TestArrivals" name="test_create_arrival" time="0.293" /><testcase classname="backend.tests.test_ethree_iter2.TestArrivals" name="test_status_loaded_requires_machine" time="0.094" /><testcase classname="backend.tests.test_ethree_iter2.TestArrivals" name="test_status_loaded_with_machine" time="0.385" /><testcase classname="backend.tests.test_ethree_iter2.TestArrivals" name="test_status_next_step_no_machine_ok" time="0.186" /><testcase classname="backend.tests.test_ethree_iter2.TestArrivals" name="test_delivery_with_inline_payment" time="0.309" /><testcase classname="backend.tests.test_ethree_iter2.TestBranches" name="test_admin_list" time="0.094" /><testcase classname="backend.tests.test_ethree_iter2.TestBranches" name="test_manager_can_list" time="0.432" /><testcase classname="backend.tests.test_ethree_iter2.TestBranches" name="test_create_branch_admin" time="0.085" /><testcase classname="backend.tests.test_ethree_iter2.TestBranches" name="test_create_branch_manager_forbidden" time="0.092" /><testcase classname="backend.tests.test_ethree_iter2.TestBranches" name="test_update_branch" time="0.196" /><testcase classname="backend.tests.test_ethree_iter2.TestUsers" name="test_list_users_admin" time="0.090" /><testcase classname="backend.tests.test_ethree_iter2.TestUsers" name="test_list_users_manager_allowed" time="0.090" /><testcase classname="backend.tests.test_ethree_iter2.TestUsers" name="test_list_users_store_forbidden" time="0.450" /><testcase classname="backend.tests.test_ethree_iter2.TestUsers" name="test_create_user_with_branch" time="0.722" /><testcase classname="backend.tests.test_ethree_iter2.TestUsers" name="test_update_user_role_and_password" time="0.642" /><testcase classname="backend.tests.test_ethree_iter2.TestUsers" name="test_delete_user" time="0.185" /><testcase classname="backend.tests.test_ethree_iter2.TestBranchScoping" name="test_scoping_flow" time="0.894"><failure message="AssertionError: Manager sees foreign customer: {'name': 'TEST Farmer d6dbc4', 'mobile': '9865718748', 'alt_mobile': '', 'village': 'TestV', 'taluk': '', 'district': '', 'address': '', 'gst': '', 'remarks': '', 'photo': '', 'id': '56ccc7a3-a3ba-4558-88dc-042c02cb289b', 'code': 'C0004', 'created_at': '2026-07-12T05:23:15.740621+00:00', 'created_by': 'b4cf89cd-bc72-4f29-ad98-35d2f90590c7', 'updated_at': '2026-07-12T05:23:15.740632+00:00', 'updated_by': 'b4cf89cd-bc72-4f29-ad98-35d2f90590c7'}&#10;assert None == '2859e080-6dc8-4ced-ac2d-5330a535cb94'&#10; +  where None = &lt;built-in method get of dict object at 0xfc21fb716280&gt;('branch_id')&#10; +    where &lt;built-in method get of dict object at 0xfc21fb716280&gt; = {'name': 'TEST Farmer d6dbc4', 'mobile': '9865718748', 'alt_mobile': '', 'village': 'TestV', ...}.get">backend/tests/test_ethree_iter2.py:341: in test_scoping_flow
    assert c.get("branch_id") == branch_id, f"Manager sees foreign customer: {c}"
E   AssertionError: Manager sees foreign customer: {'name': 'TEST Farmer d6dbc4', 'mobile': '9865718748', 'alt_mobile': '', 'village': 'TestV', 'taluk': '', 'district': '', 'address': '', 'gst': '', 'remarks': '', 'photo': '', 'id': '56ccc7a3-a3ba-4558-88dc-042c02cb289b', 'code': 'C0004', 'created_at': '2026-07-12T05:23:15.740621+00:00', 'created_by': 'b4cf89cd-bc72-4f29-ad98-35d2f90590c7', 'updated_at': '2026-07-12T05:23:15.740632+00:00', 'updated_by': 'b4cf89cd-bc72-4f29-ad98-35d2f90590c7'}
E   assert None == '2859e080-6dc8-4ced-ac2d-5330a535cb94'
E    +  where None = &lt;built-in method get of dict object at 0xfc21fb716280&gt;('branch_id')
E    +    where &lt;built-in method get of dict object at 0xfc21fb716280&gt; = {'name': 'TEST Farmer d6dbc4', 'mobile': '9865718748', 'alt_mobile': '', 'village': 'TestV', ...}.get</failure></testcase><testcase classname="backend.tests.test_ethree_iter2.TestGoogleAuth" name="test_google_invalid_session_returns_401" time="0.181" /><testcase classname="backend.tests.test_ethree_iter2.TestGoogleAuth" name="test_bearer_accepts_jwt" time="0.093" /></testsuite></testsuites>